<?xml version="1.0" encoding="UTF-8"?>
<!-- Generated by org.testng.reporters.JUnitReportReporter -->
<testsuite skipped="0" hostname="PurushottamJosh" name="com.technocredits.orghrm.testscripts.UserProfileTest" tests="1" failures="0" timestamp="1 Nov 2021 18:42:47 GMT" time="0.020" errors="0">
  <testcase name="verfiyUserMenuOptions" time="0.020" classname="com.technocredits.orghrm.testscripts.UserProfileTest"/>
</testsuite> <!-- com.technocredits.orghrm.testscripts.UserProfileTest -->
